# JRE version: OpenJDK Runtime Environment (8.0_112-b06) (build 1.8.0_112-release-b06)
# Java VM: OpenJDK 64-Bit Server VM (25.112-b06 mixed mode windows-amd64 compressed oops)
Heap:
 PSYoungGen      total 93696K, used 64088K [0x00000000e0000000, 0x00000000e8780000, 0x0000000100000000)
  eden space 82944K, 77% used [0x00000000e0000000,0x00000000e3e96100,0x00000000e5100000)
  from space 10752K, 0% used [0x00000000e5100000,0x00000000e5100000,0x00000000e5b80000)
  to   space 14336K, 0% used [0x00000000e7980000,0x00000000e7980000,0x00000000e8780000)
 ParOldGen       total 206848K, used 17693K [0x00000000a0000000, 0x00000000aca00000, 0x00000000e0000000)
  object space 206848K, 8% used [0x00000000a0000000,0x00000000a11474f8,0x00000000aca00000)
 Metaspace       used 38968K, capacity 39764K, committed 40064K, reserved 1083392K
  class space    used 5151K, capacity 5373K, committed 5504K, reserved 1048576K
GC Heap History (10 events):
Event: 6.437 GC heap before
{Heap before GC invocations=3 (full 1):
 PSYoungGen      total 76288K, used 10749K [0x00000000e0000000, 0x00000000e5500000, 0x0000000100000000)
  eden space 65536K, 0% used [0x00000000e0000000,0x00000000e0000000,0x00000000e4000000)
  from space 10752K, 99% used [0x00000000e4a80000,0x00000000e54ff7e0,0x00000000e5500000)
  to   space 10752K, 0% used [0x00000000e4000000,0x00000000e4000000,0x00000000e4a80000)
 ParOldGen       total 175104K, used 1681K [0x00000000a0000000, 0x00000000aab00000, 0x00000000e0000000)
  object space 175104K, 0% used [0x00000000a0000000,0x00000000a01a47e0,0x00000000aab00000)
 Metaspace       used 20725K, capacity 21134K, committed 21296K, reserved 1067008K
  class space    used 2800K, capacity 2916K, committed 2944K, reserved 1048576K
Event: 6.541 GC heap after
Heap after GC invocations=3 (full 1):
 PSYoungGen      total 76288K, used 0K [0x00000000e0000000, 0x00000000e5500000, 0x0000000100000000)
  eden space 65536K, 0% used [0x00000000e0000000,0x00000000e0000000,0x00000000e4000000)
  from space 10752K, 0% used [0x00000000e4a80000,0x00000000e4a80000,0x00000000e5500000)
  to   space 10752K, 0% used [0x00000000e4000000,0x00000000e4000000,0x00000000e4a80000)
 ParOldGen       total 125440K, used 12013K [0x00000000a0000000, 0x00000000a7a80000, 0x00000000e0000000)
  object space 125440K, 9% used [0x00000000a0000000,0x00000000a0bbb630,0x00000000a7a80000)
 Metaspace       used 20725K, capacity 21134K, committed 21296K, reserved 1067008K
  class space    used 2800K, capacity 2916K, committed 2944K, reserved 1048576K
}
Event: 8.821 GC heap before
{Heap before GC invocations=4 (full 1):
 PSYoungGen      total 76288K, used 65536K [0x00000000e0000000, 0x00000000e5500000, 0x0000000100000000)
  eden space 65536K, 100% used [0x00000000e0000000,0x00000000e4000000,0x00000000e4000000)
  from space 10752K, 0% used [0x00000000e4a80000,0x00000000e4a80000,0x00000000e5500000)
  to   space 10752K, 0% used [0x00000000e4000000,0x00000000e4000000,0x00000000e4a80000)
 ParOldGen       total 125440K, used 12013K [0x00000000a0000000, 0x00000000a7a80000, 0x00000000e0000000)
  object space 125440K, 9% used [0x00000000a0000000,0x00000000a0bbb630,0x00000000a7a80000)
 Metaspace       used 26420K, capacity 26922K, committed 27136K, reserved 1073152K
  class space    used 3635K, capacity 3812K, committed 3840K, reserved 1048576K
Event: 8.829 GC heap after
Heap after GC invocations=4 (full 1):
 PSYoungGen      total 76288K, used 7570K [0x00000000e0000000, 0x00000000e6600000, 0x0000000100000000)
  eden space 65536K, 0% used [0x00000000e0000000,0x00000000e0000000,0x00000000e4000000)
  from space 10752K, 70% used [0x00000000e4000000,0x00000000e4764b08,0x00000000e4a80000)
  to   space 10752K, 0% used [0x00000000e5b80000,0x00000000e5b80000,0x00000000e6600000)
 ParOldGen       total 125440K, used 12021K [0x00000000a0000000, 0x00000000a7a80000, 0x00000000e0000000)
  object space 125440K, 9% used [0x00000000a0000000,0x00000000a0bbd630,0x00000000a7a80000)
 Metaspace       used 26420K, capacity 26922K, committed 27136K, reserved 1073152K
  class space    used 3635K, capacity 3812K, committed 3840K, reserved 1048576K
}
Event: 10.525 GC heap before
{Heap before GC invocations=5 (full 1):
 PSYoungGen      total 76288K, used 73106K [0x00000000e0000000, 0x00000000e6600000, 0x0000000100000000)
  eden space 65536K, 100% used [0x00000000e0000000,0x00000000e4000000,0x00000000e4000000)
  from space 10752K, 70% used [0x00000000e4000000,0x00000000e4764b08,0x00000000e4a80000)
  to   space 10752K, 0% used [0x00000000e5b80000,0x00000000e5b80000,0x00000000e6600000)
 ParOldGen       total 125440K, used 12021K [0x00000000a0000000, 0x00000000a7a80000, 0x00000000e0000000)
  object space 125440K, 9% used [0x00000000a0000000,0x00000000a0bbd630,0x00000000a7a80000)
 Metaspace       used 29890K, capacity 30480K, committed 30720K, reserved 1075200K
  class space    used 4074K, capacity 4246K, committed 4352K, reserved 1048576K
Event: 10.538 GC heap after
Heap after GC invocations=5 (full 1):
 PSYoungGen      total 93696K, used 7163K [0x00000000e0000000, 0x00000000e6700000, 0x0000000100000000)
  eden space 82944K, 0% used [0x00000000e0000000,0x00000000e0000000,0x00000000e5100000)
  from space 10752K, 66% used [0x00000000e5b80000,0x00000000e627ec98,0x00000000e6600000)
  to   space 10752K, 0% used [0x00000000e5100000,0x00000000e5100000,0x00000000e5b80000)
 ParOldGen       total 125440K, used 12021K [0x00000000a0000000, 0x00000000a7a80000, 0x00000000e0000000)
  object space 125440K, 9% used [0x00000000a0000000,0x00000000a0bbd630,0x00000000a7a80000)
 Metaspace       used 29890K, capacity 30480K, committed 30720K, reserved 1075200K
  class space    used 4074K, capacity 4246K, committed 4352K, reserved 1048576K
}
Event: 12.790 GC heap before
{Heap before GC invocations=6 (full 1):
 PSYoungGen      total 93696K, used 48500K [0x00000000e0000000, 0x00000000e6700000, 0x0000000100000000)
  eden space 82944K, 49% used [0x00000000e0000000,0x00000000e285e3d0,0x00000000e5100000)
  from space 10752K, 66% used [0x00000000e5b80000,0x00000000e627ec98,0x00000000e6600000)
  to   space 10752K, 0% used [0x00000000e5100000,0x00000000e5100000,0x00000000e5b80000)
 ParOldGen       total 125440K, used 12021K [0x00000000a0000000, 0x00000000a7a80000, 0x00000000e0000000)
  object space 125440K, 9% used [0x00000000a0000000,0x00000000a0bbd630,0x00000000a7a80000)
 Metaspace       used 34754K, capacity 35456K, committed 35496K, reserved 1079296K
  class space    used 4625K, capacity 4839K, committed 4864K, reserved 1048576K
Event: 12.818 GC heap after
Heap after GC invocations=6 (full 1):
 PSYoungGen      total 93696K, used 10738K [0x00000000e0000000, 0x00000000e8780000, 0x0000000100000000)
  eden space 82944K, 0% used [0x00000000e0000000,0x00000000e0000000,0x00000000e5100000)
  from space 10752K, 99% used [0x00000000e5100000,0x00000000e5b7c878,0x00000000e5b80000)
  to   space 14336K, 0% used [0x00000000e7980000,0x00000000e7980000,0x00000000e8780000)
 ParOldGen       total 125440K, used 12494K [0x00000000a0000000, 0x00000000a7a80000, 0x00000000e0000000)
  object space 125440K, 9% used [0x00000000a0000000,0x00000000a0c339a8,0x00000000a7a80000)
 Metaspace       used 34754K, capacity 35456K, committed 35496K, reserved 1079296K
  class space    used 4625K, capacity 4839K, committed 4864K, reserved 1048576K
}
Event: 12.818 GC heap before
{Heap before GC invocations=7 (full 2):
 PSYoungGen      total 93696K, used 10738K [0x00000000e0000000, 0x00000000e8780000, 0x0000000100000000)
  eden space 82944K, 0% used [0x00000000e0000000,0x00000000e0000000,0x00000000e5100000)
  from space 10752K, 99% used [0x00000000e5100000,0x00000000e5b7c878,0x00000000e5b80000)
  to   space 14336K, 0% used [0x00000000e7980000,0x00000000e7980000,0x00000000e8780000)
 ParOldGen       total 125440K, used 12494K [0x00000000a0000000, 0x00000000a7a80000, 0x00000000e0000000)
  object space 125440K, 9% used [0x00000000a0000000,0x00000000a0c339a8,0x00000000a7a80000)
 Metaspace       used 34754K, capacity 35456K, committed 35496K, reserved 1079296K
  class space    used 4625K, capacity 4839K, committed 4864K, reserved 1048576K
Event: 12.923 GC heap after
Heap after GC invocations=7 (full 2):
 PSYoungGen      total 93696K, used 0K [0x00000000e0000000, 0x00000000e8780000, 0x0000000100000000)
  eden space 82944K, 0% used [0x00000000e0000000,0x00000000e0000000,0x00000000e5100000)
  from space 10752K, 0% used [0x00000000e5100000,0x00000000e5100000,0x00000000e5b80000)
  to   space 14336K, 0% used [0x00000000e7980000,0x00000000e7980000,0x00000000e8780000)
 ParOldGen       total 206848K, used 17693K [0x00000000a0000000, 0x00000000aca00000, 0x00000000e0000000)
  object space 206848K, 8% used [0x00000000a0000000,0x00000000a11474f8,0x00000000aca00000)
 Metaspace       used 34723K, capacity 35336K, committed 35496K, reserved 1079296K
  class space    used 4616K, capacity 4799K, committed 4864K, reserved 1048576K
}

